INFO:root:dense => 512
INFO:root:dense => 512
INFO:root:kernel => [3,3]
INFO:root:kernel => [3,3]
INFO:root:kernel => [3,3]
INFO:root:kernel => [3,5]
INFO:root:strides => [1,1]
INFO:root:kernel => [3,3]
INFO:root:strides => [1,1]
INFO:root:optimizer+lr => optimizerAdam, lr0
INFO:root:margin => 0.5
INFO:root:mode => mfcc
INFO:root:mic => 2
INFO:root:length => 3.0
INFO:root:length => 2.5
INFO:root:embeding => 128
INFO:root:kernel => [3,5]
INFO:root:strides => [1,1]
INFO:root:optimizer+lr => optimizerAdam, lr0
INFO:root:margin => 0.5
INFO:root:n_triplets => 10000
INFO:root:length => 3.0
INFO:root:v_cnn => 2
INFO:root:embeding => 256
INFO:root:kernel => [3,5]
INFO:root:strides => [2,2]
INFO:root:optimizer+lr => optimizerAdam, lr0
INFO:root:margin => 0.5
INFO:root:n_triplets => 10000
INFO:root:length => 3.0
INFO:root:n_pairs => 20000.0
INFO:root:n_pairs => 20000.0
INFO:root:vectors_join => concatenate
INFO:root:length => 3.0
INFO:root:n_triplets => 40000
INFO:root:length => 3.0
INFO:root:v_cnn => 3
INFO:root:embeding => 1024
INFO:root:kernel => [3,1]
INFO:root:strides => [1,1]
INFO:root:optimizer+lr => optimizerAdam, lr0
INFO:root:margin => 1.0
